<?xml version="1.0" encoding="UTF-8"?>
<testng-results ignored="0" total="1" passed="1" failed="0" skipped="0">
  <reporter-output>
    <line>
      <![CDATA[DataBase Connected Succesfully]]>
    </line>
    <line>
      <![CDATA[Browser Launched]]>
    </line>
    <line>
      <![CDATA[logged in succesfully]]>
    </line>
    <line>
      <![CDATA[Browser closed]]>
    </line>
  </reporter-output>
  <suite started-at="2023-03-31T11:52:04 IST" name="Default suite" finished-at="2023-03-31T11:52:28 IST" duration-ms="24929">
    <groups>
    </groups>
    <test started-at="2023-03-31T11:52:04 IST" name="Default test" finished-at="2023-03-31T11:52:28 IST" duration-ms="24929">
      <class name="com.Actitime.TestScript.TaskTest">
        <test-method is-config="true" signature="databaseConnection()[pri:0, instance:com.Actitime.TestScript.TaskTest@74235045]" started-at="2023-03-31T11:52:04 IST" name="databaseConnection" finished-at="2023-03-31T11:52:04 IST" duration-ms="21" status="PASS">
          <reporter-output>
            <line>
              <![CDATA[DataBase Connected Succesfully]]>
            </line>
          </reporter-output>
        </test-method> <!-- databaseConnection -->
        <test-method is-config="true" signature="launchbrowser()[pri:0, instance:com.Actitime.TestScript.TaskTest@74235045]" started-at="2023-03-31T11:52:04 IST" name="launchbrowser" finished-at="2023-03-31T11:52:15 IST" duration-ms="11683" status="PASS">
          <reporter-output>
            <line>
              <![CDATA[Browser Launched]]>
            </line>
          </reporter-output>
        </test-method> <!-- launchbrowser -->
        <test-method is-config="true" signature="login()[pri:0, instance:com.Actitime.TestScript.TaskTest@74235045]" started-at="2023-03-31T11:52:15 IST" name="login" finished-at="2023-03-31T11:52:16 IST" duration-ms="400" status="PASS">
          <reporter-output>
            <line>
              <![CDATA[logged in succesfully]]>
            </line>
          </reporter-output>
        </test-method> <!-- login -->
        <test-method signature="CreateCustomer()[pri:0, instance:com.Actitime.TestScript.TaskTest@74235045]" started-at="2023-03-31T11:52:16 IST" name="CreateCustomer" finished-at="2023-03-31T11:52:28 IST" duration-ms="12476" status="PASS">
          <reporter-output>
          </reporter-output>
        </test-method> <!-- CreateCustomer -->
        <test-method is-config="true" signature="closebrowser()[pri:0, instance:com.Actitime.TestScript.TaskTest@74235045]" started-at="2023-03-31T11:52:28 IST" name="closebrowser" finished-at="2023-03-31T11:52:28 IST" duration-ms="276" status="PASS">
          <reporter-output>
            <line>
              <![CDATA[Browser closed]]>
            </line>
          </reporter-output>
        </test-method> <!-- closebrowser -->
        <test-method is-config="true" signature="logout()[pri:0, instance:com.Actitime.TestScript.TaskTest@74235045]" started-at="2023-03-31T11:52:28 IST" name="logout" finished-at="2023-03-31T11:52:28 IST" duration-ms="2" status="FAIL">
          <exception class="java.lang.NullPointerException">
            <message>
              <![CDATA[Cannot invoke "org.openqa.selenium.SearchContext.findElement(org.openqa.selenium.By)" because "this.searchContext" is null]]>
            </message>
            <full-stacktrace>
              <![CDATA[java.lang.NullPointerException: Cannot invoke "org.openqa.selenium.SearchContext.findElement(org.openqa.selenium.By)" because "this.searchContext" is null
at org.openqa.selenium.support.pagefactory.DefaultElementLocator.findElement(DefaultElementLocator.java:70)
at org.openqa.selenium.support.pagefactory.internal.LocatingElementHandler.invoke(LocatingElementHandler.java:39)
at jdk.proxy2/jdk.proxy2.$Proxy20.click(Unknown Source)
at com.Actitime.GenericLibrary.BaseClass.logout(BaseClass.java:71)
at java.base/jdk.internal.reflect.DirectMethodHandleAccessor.invoke(DirectMethodHandleAccessor.java:104)
at java.base/java.lang.reflect.Method.invoke(Method.java:577)
at org.testng.internal.invokers.MethodInvocationHelper.invokeMethod(MethodInvocationHelper.java:139)
at org.testng.internal.invokers.MethodInvocationHelper.invokeMethodConsideringTimeout(MethodInvocationHelper.java:69)
at org.testng.internal.invokers.ConfigInvoker.invokeConfigurationMethod(ConfigInvoker.java:361)
at org.testng.internal.invokers.ConfigInvoker.invokeConfigurations(ConfigInvoker.java:296)
at org.testng.TestRunner.invokeTestConfigurations(TestRunner.java:644)
at org.testng.TestRunner.afterRun(TestRunner.java:914)
at org.testng.TestRunner.run(TestRunner.java:605)
at org.testng.SuiteRunner.runTest(SuiteRunner.java:437)
at org.testng.SuiteRunner.runSequentially(SuiteRunner.java:431)
at org.testng.SuiteRunner.privateRun(SuiteRunner.java:391)
at org.testng.SuiteRunner.run(SuiteRunner.java:330)
at org.testng.SuiteRunnerWorker.runSuite(SuiteRunnerWorker.java:52)
at org.testng.SuiteRunnerWorker.run(SuiteRunnerWorker.java:95)
at org.testng.TestNG.runSuitesSequentially(TestNG.java:1256)
at org.testng.TestNG.runSuitesLocally(TestNG.java:1176)
at org.testng.TestNG.runSuites(TestNG.java:1099)
at org.testng.TestNG.run(TestNG.java:1067)
at org.testng.remote.AbstractRemoteTestNG.run(AbstractRemoteTestNG.java:115)
at org.testng.remote.RemoteTestNG.initAndRun(RemoteTestNG.java:251)
at org.testng.remote.RemoteTestNG.main(RemoteTestNG.java:77)
]]>
            </full-stacktrace>
          </exception> <!-- java.lang.NullPointerException -->
          <reporter-output>
          </reporter-output>
        </test-method> <!-- logout -->
        <test-method is-config="true" signature="databaseDisConnection()[pri:0, instance:com.Actitime.TestScript.TaskTest@74235045]" started-at="2023-03-31T11:52:29 IST" name="databaseDisConnection" finished-at="2023-03-31T11:52:29 IST" duration-ms="0" status="SKIP">
          <reporter-output>
          </reporter-output>
        </test-method> <!-- databaseDisConnection -->
      </class> <!-- com.Actitime.TestScript.TaskTest -->
    </test> <!-- Default test -->
  </suite> <!-- Default suite -->
</testng-results>
